<?xml version="1.0" encoding="UTF-8"?>
<!-- Generated by org.testng.reporters.JUnitXMLReporter -->
<testsuite ignored="0" hostname="LAPTOP-3RJ8M5OG" failures="0" tests="4" name="Surefire test" time="42.369" errors="0" timestamp="2024-10-17T12:26:39 IST">
  <testcase classname="com.verizon.test.Saucedemo.ErrorValidationTest" name="errorValidate" time="10.834"/>
  <testcase classname="com.verizon.test.Saucedemo.ErrorValidationTest" name="errorValidate" time="6.254"/>
  <testcase classname="com.verizon.test.Saucedemo.PlaceOrderTest" name="PlaceOrder" time="10.446"/>
  <testcase classname="com.verizon.test.Saucedemo.PlaceOrderTest" name="PlaceOrder" time="9.854"/>
</testsuite> <!-- Surefire test -->
