<?xml version="1.0" encoding="UTF-8"?>
<!-- Generated by org.testng.reporters.JUnitXMLReporter -->
<testsuite ignored="0" hostname="LAPTOP-3RJ8M5OG" failures="0" tests="2" name="Default test" time="8.935" errors="0" timestamp="2024-10-17T11:53:24 IST">
  <testcase classname="com.verizon.test.Saucedemo.ErrorValidationTest" name="errorValidate" time="4.675"/>
  <testcase classname="com.verizon.test.Saucedemo.ErrorValidationTest" name="errorValidate" time="3.306"/>
</testsuite> <!-- Default test -->
