<?xml version="1.0" encoding="UTF-8"?>
<!-- Generated by org.testng.reporters.JUnitXMLReporter -->
<testsuite ignored="0" hostname="LAPTOP-3RJ8M5OG" failures="0" tests="2" name="ErrorValidation" time="7.147" errors="0" timestamp="2024-10-17T13:13:31 IST">
  <testcase classname="com.verizon.test.Saucedemo.ErrorValidationTest" name="errorValidate" time="3.044"/>
  <testcase classname="com.verizon.test.Saucedemo.ErrorValidationTest" name="errorValidate" time="3.634"/>
</testsuite> <!-- ErrorValidation -->
