<?xml version="1.0" encoding="UTF-8"?>
<testng-results ignored="0" total="2" passed="2" failed="0" skipped="0">
  <reporter-output>
  </reporter-output>
  <suite started-at="2024-10-17T13:16:13 IST" name="Suite" finished-at="2024-10-17T13:16:28 IST" duration-ms="15115">
    <groups>
    </groups>
    <test started-at="2024-10-17T13:16:13 IST" name="PlaceOrder" finished-at="2024-10-17T13:16:28 IST" duration-ms="15115">
      <class name="com.verizon.test.Saucedemo.PlaceOrderTest">
        <test-method signature="PlaceOrder(java.lang.String,java.lang.String,java.lang.String)[pri:0, instance:com.verizon.test.Saucedemo.PlaceOrderTest@7193666c]" started-at="2024-10-17T13:16:13 IST" name="PlaceOrder" data-provider="getData" finished-at="2024-10-17T13:16:21 IST" duration-ms="7954" status="PASS">
          <params>
            <param index="0">
              <value>
                <![CDATA[standard_user]]>
              </value>
            </param>
            <param index="1">
              <value>
                <![CDATA[secret_sauce]]>
              </value>
            </param>
            <param index="2">
              <value>
                <![CDATA[Sauce Labs Backpack]]>
              </value>
            </param>
          </params>
          <reporter-output>
          </reporter-output>
        </test-method> <!-- PlaceOrder -->
        <test-method is-config="true" signature="tearDown()[pri:0, instance:com.verizon.test.Saucedemo.PlaceOrderTest@7193666c]" started-at="2024-10-17T13:16:21 IST" name="tearDown" finished-at="2024-10-17T13:16:21 IST" duration-ms="356" status="PASS">
          <reporter-output>
          </reporter-output>
        </test-method> <!-- tearDown -->
        <test-method signature="PlaceOrder(java.lang.String,java.lang.String,java.lang.String)[pri:0, instance:com.verizon.test.Saucedemo.PlaceOrderTest@7193666c]" started-at="2024-10-17T13:16:21 IST" name="PlaceOrder" data-provider="getData" finished-at="2024-10-17T13:16:28 IST" duration-ms="6366" status="PASS">
          <params>
            <param index="0">
              <value>
                <![CDATA[standard_user]]>
              </value>
            </param>
            <param index="1">
              <value>
                <![CDATA[secret_sauce]]>
              </value>
            </param>
            <param index="2">
              <value>
                <![CDATA[Sauce Labs Bike Light]]>
              </value>
            </param>
          </params>
          <reporter-output>
          </reporter-output>
        </test-method> <!-- PlaceOrder -->
        <test-method is-config="true" signature="tearDown()[pri:0, instance:com.verizon.test.Saucedemo.PlaceOrderTest@7193666c]" started-at="2024-10-17T13:16:28 IST" name="tearDown" finished-at="2024-10-17T13:16:28 IST" duration-ms="293" status="PASS">
          <reporter-output>
          </reporter-output>
        </test-method> <!-- tearDown -->
      </class> <!-- com.verizon.test.Saucedemo.PlaceOrderTest -->
    </test> <!-- PlaceOrder -->
  </suite> <!-- Suite -->
</testng-results>
