<?xml version="1.0" encoding="UTF-8"?>
<testng-results ignored="0" total="4" passed="4" failed="0" skipped="0">
  <reporter-output>
  </reporter-output>
  <suite started-at="2024-10-17T12:14:21 IST" name="Suite" finished-at="2024-10-17T12:14:58 IST" duration-ms="36817">
    <groups>
    </groups>
    <test started-at="2024-10-17T12:14:21 IST" name="PlaceOrder" finished-at="2024-10-17T12:14:43 IST" duration-ms="22580">
      <class name="com.verizon.test.Saucedemo.PlaceOrderTest">
        <test-method signature="PlaceOrder(java.lang.String,java.lang.String,java.lang.String)[pri:0, instance:com.verizon.test.Saucedemo.PlaceOrderTest@313ac989]" started-at="2024-10-17T12:14:21 IST" name="PlaceOrder" data-provider="getData" finished-at="2024-10-17T12:14:31 IST" duration-ms="10521" status="PASS">
          <params>
            <param index="0">
              <value>
                <![CDATA[standard_user]]>
              </value>
            </param>
            <param index="1">
              <value>
                <![CDATA[secret_sauce]]>
              </value>
            </param>
            <param index="2">
              <value>
                <![CDATA[Sauce Labs Backpack]]>
              </value>
            </param>
          </params>
          <reporter-output>
          </reporter-output>
        </test-method> <!-- PlaceOrder -->
        <test-method is-config="true" signature="tearDown()[pri:0, instance:com.verizon.test.Saucedemo.PlaceOrderTest@313ac989]" started-at="2024-10-17T12:14:31 IST" name="tearDown" finished-at="2024-10-17T12:14:33 IST" duration-ms="1397" status="PASS">
          <reporter-output>
          </reporter-output>
        </test-method> <!-- tearDown -->
        <test-method signature="PlaceOrder(java.lang.String,java.lang.String,java.lang.String)[pri:0, instance:com.verizon.test.Saucedemo.PlaceOrderTest@313ac989]" started-at="2024-10-17T12:14:33 IST" name="PlaceOrder" data-provider="getData" finished-at="2024-10-17T12:14:43 IST" duration-ms="9692" status="PASS">
          <params>
            <param index="0">
              <value>
                <![CDATA[standard_user]]>
              </value>
            </param>
            <param index="1">
              <value>
                <![CDATA[secret_sauce]]>
              </value>
            </param>
            <param index="2">
              <value>
                <![CDATA[Sauce Labs Bike Light]]>
              </value>
            </param>
          </params>
          <reporter-output>
          </reporter-output>
        </test-method> <!-- PlaceOrder -->
        <test-method is-config="true" signature="tearDown()[pri:0, instance:com.verizon.test.Saucedemo.PlaceOrderTest@313ac989]" started-at="2024-10-17T12:14:43 IST" name="tearDown" finished-at="2024-10-17T12:14:43 IST" duration-ms="794" status="PASS">
          <reporter-output>
          </reporter-output>
        </test-method> <!-- tearDown -->
      </class> <!-- com.verizon.test.Saucedemo.PlaceOrderTest -->
    </test> <!-- PlaceOrder -->
    <test started-at="2024-10-17T12:14:44 IST" name="ErrorValidation" finished-at="2024-10-17T12:14:58 IST" duration-ms="13908">
      <class name="com.verizon.test.Saucedemo.ErrorValidationTest">
        <test-method signature="errorValidate(java.lang.String,java.lang.String)[pri:0, instance:com.verizon.test.Saucedemo.ErrorValidationTest@489115ef]" started-at="2024-10-17T12:14:44 IST" name="errorValidate" data-provider="getData" finished-at="2024-10-17T12:14:49 IST" duration-ms="5806" status="PASS">
          <params>
            <param index="0">
              <value>
                <![CDATA[standard_user1]]>
              </value>
            </param>
            <param index="1">
              <value>
                <![CDATA[secret_sauce]]>
              </value>
            </param>
          </params>
          <reporter-output>
          </reporter-output>
        </test-method> <!-- errorValidate -->
        <test-method is-config="true" signature="tearDown()[pri:0, instance:com.verizon.test.Saucedemo.ErrorValidationTest@489115ef]" started-at="2024-10-17T12:14:49 IST" name="tearDown" finished-at="2024-10-17T12:14:50 IST" duration-ms="621" status="PASS">
          <reporter-output>
          </reporter-output>
        </test-method> <!-- tearDown -->
        <test-method signature="errorValidate(java.lang.String,java.lang.String)[pri:0, instance:com.verizon.test.Saucedemo.ErrorValidationTest@489115ef]" started-at="2024-10-17T12:14:50 IST" name="errorValidate" data-provider="getData" finished-at="2024-10-17T12:14:57 IST" duration-ms="6989" status="PASS">
          <params>
            <param index="0">
              <value>
                <![CDATA[locked_out_user]]>
              </value>
            </param>
            <param index="1">
              <value>
                <![CDATA[secret_sauce]]>
              </value>
            </param>
          </params>
          <reporter-output>
          </reporter-output>
        </test-method> <!-- errorValidate -->
        <test-method is-config="true" signature="tearDown()[pri:0, instance:com.verizon.test.Saucedemo.ErrorValidationTest@489115ef]" started-at="2024-10-17T12:14:57 IST" name="tearDown" finished-at="2024-10-17T12:14:58 IST" duration-ms="467" status="PASS">
          <reporter-output>
          </reporter-output>
        </test-method> <!-- tearDown -->
      </class> <!-- com.verizon.test.Saucedemo.ErrorValidationTest -->
    </test> <!-- ErrorValidation -->
  </suite> <!-- Suite -->
</testng-results>
